OuhdaApp/Ouhda/build/app/outputs/logs/manifest-merger-debug-report.txt
-- Merging decision tree log ---
application
INJECTED from src/main/AndroidManifest.xml:6:4-48:19
MERGED from [:cloud_firestore] AndroidManifest.xml:9:5-15:19
MERGED from [:cloud_firestore] AndroidManifest.xml:9:5-15:19
MERGED from [:firebase_auth] AndroidManifest.xml:9:5-15:19
MERGED from [:firebase_auth] AndroidManifest.xml:9:5-15:19
MERGED from [:firebase_storage] AndroidManifest.xml:9:5-15:19
MERGED from [:firebase_storage] AndroidManifest.xml:9:5-15:19
MERGED from [:firebase_messaging] AndroidManifest.xml:15:5-48:19
MERGED from [:firebase_messaging] AndroidManifest.xml:15:5-48:19
MERGED from [:firebase_core] AndroidManifest.xml:9:5-15:19
MERGED from [:firebase_core] AndroidManifest.xml:9:5-15:19
MERGED from [:geolocator_android] AndroidManifest.xml:11:5-17:19
MERGED from [:geolocator_android] AndroidManifest.xml:11:5-17:19
MERGED from [:image_picker_android] AndroidManifest.xml:9:5-19:19
MERGED from [:image_picker_android] AndroidManifest.xml:9:5-19:19
MERGED from [:flutter_local_notifications] AndroidManifest.xml:15:5-32:19
MERGED from [:flutter_local_notifications] AndroidManifest.xml:15:5-32:19
MERGED from [:url_launcher_android] AndroidManifest.xml:9:5-14:19
MERGED from [:url_launcher_android] AndroidManifest.xml:9:5-14:19
MERGED from [:barcode_scan2] AndroidManifest.xml:11:5-13:19
MERGED from [:barcode_scan2] AndroidManifest.xml:11:5-13:19
MERGED from [com.google.firebase:firebase-auth:21.2.0] AndroidManifest.xml:28:5-73:19
MERGED from [com.google.firebase:firebase-auth:21.2.0] AndroidManifest.xml:28:5-73:19
MERGED from [com.google.android.recaptcha:recaptcha:18.0.1] AndroidManifest.xml:7:5-20
MERGED from [com.google.android.recaptcha:recaptcha:18.0.1] AndroidManifest.xml:7:5-20
MERGED from [com.google.android.gms:play-services-maps:18.1.0] AndroidManifest.xml:36:5-42:19
MERGED from [com.google.android.gms:play-services-maps:18.1.0] AndroidManifest.xml:36:5-42:19
MERGED from [com.google.android.material:material:1.1.0] AndroidManifest.xml:22:5-20
MERGED from [com.google.android.material:material:1.1.0] AndroidManifest.xml:22:5-20
MERGED from [com.google.firebase:firebase-firestore:24.4.5] AndroidManifest.xml:15:5-23:19
MERGED from [com.google.firebase:firebase-firestore:24.4.5] AndroidManifest.xml:15:5-23:19
MERGED from [com.google.firebase:firebase-storage:20.1.0] AndroidManifest.xml:28:5-36:19
MERGED from [com.google.firebase:firebase-storage:20.1.0] AndroidManifest.xml:28:5-36:19
MERGED from [com.google.firebase:firebase-iid:21.1.0] AndroidManifest.xml:28:5-36:19
MERGED from [com.google.firebase:firebase-iid:21.1.0] AndroidManifest.xml:28:5-36:19
MERGED from [com.google.firebase:firebase-messaging:23.1.2] AndroidManifest.xml:30:5-59:19
MERGED from [com.google.firebase:firebase-messaging:23.1.2] AndroidManifest.xml:30:5-59:19
MERGED from [com.google.firebase:firebase-appcheck-interop:16.1.1] AndroidManifest.xml:23:5-20
MERGED from [com.google.firebase:firebase-appcheck-interop:16.1.1] AndroidManifest.xml:23:5-20
MERGED from [com.google.firebase:firebase-auth-interop:20.0.0] AndroidManifest.xml:7:5-8:19
MERGED from [com.google.firebase:firebase-auth-interop:20.0.0] AndroidManifest.xml:7:5-8:19
MERGED from [com.google.firebase:firebase-installations:17.1.3] AndroidManifest.xml:13:5-21:19
MERGED from [com.google.firebase:firebase-installations:17.1.3] AndroidManifest.xml:13:5-21:19
MERGED from [com.google.firebase:firebase-datatransport:18.1.7] AndroidManifest.xml:23:5-31:19
MERGED from [com.google.firebase:firebase-datatransport:18.1.7] AndroidManifest.xml:23:5-31:19
MERGED from [com.google.firebase:firebase-common:20.3.2] AndroidManifest.xml:24:5-37:19
MERGED from [com.google.firebase:firebase-common:20.3.2] AndroidManifest.xml:24:5-37:19
MERGED from [com.google.android.gms:play-services-location:21.0.1] AndroidManifest.xml:7:5-20
MERGED from [com.google.android.gms:play-services-location:21.0.1] AndroidManifest.xml:7:5-20
MERGED from [com.google.android.gms:play-services-safetynet:17.0.0] AndroidManifest.xml:22:5-20
MERGED from [com.google.android.gms:play-services-safetynet:17.0.0] AndroidManifest.xml:22:5-20
MERGED from [com.google.android.gms:play-services-base:18.1.0] AndroidManifest.xml:19:5-23:19
MERGED from [com.google.android.gms:play-services-base:18.1.0] AndroidManifest.xml:19:5-23:19
MERGED from [com.google.android.play:integrity:1.0.1] AndroidManifest.xml:5:5-6:19
MERGED from [com.google.android.play:integrity:1.0.1] AndroidManifest.xml:5:5-6:19
MERGED from [com.google.firebase:firebase-iid-interop:17.1.0] AndroidManifest.xml:7:5-8:19
MERGED from [com.google.firebase:firebase-iid-interop:17.1.0] AndroidManifest.xml:7:5-8:19
MERGED from [com.google.android.gms:play-services-tasks:18.0.2] AndroidManifest.xml:5:5-20
MERGED from [com.google.android.gms:play-services-tasks:18.0.2] AndroidManifest.xml:5:5-20
MERGED from [com.google.android.gms:play-services-stats:17.0.2] AndroidManifest.xml:7:5-20
MERGED from [com.google.android.gms:play-services-stats:17.0.2] AndroidManifest.xml:7:5-20
MERGED from [com.google.firebase:firebase-measurement-connector:19.0.0] AndroidManifest.xml:22:5-23:19
MERGED from [com.google.firebase:firebase-measurement-connector:19.0.0] AndroidManifest.xml:22:5-23:19
MERGED from [com.google.android.gms:play-services-basement:18.1.0] AndroidManifest.xml:20:5-24:19
MERGED from [com.google.android.gms:play-services-basement:18.1.0] AndroidManifest.xml:20:5-24:19
MERGED from [me.dm7.barcodescanner:zxing:1.9.8] AndroidManifest.xml:11:5-20
MERGED from [me.dm7.barcodescanner:zxing:1.9.8] AndroidManifest.xml:11:5-20
MERGED from [me.dm7.barcodescanner:core:1.9.8] AndroidManifest.xml:11:5-20
MERGED from [me.dm7.barcodescanner:core:1.9.8] AndroidManifest.xml:11:5-20
MERGED from [androidx.window:window:1.0.0-beta04] AndroidManifest.xml:24:5-31:19
MERGED from [androidx.window:window:1.0.0-beta04] AndroidManifest.xml:24:5-31:19
MERGED from [com.google.android.datatransport:transport-backend-cct:3.1.8] AndroidManifest.xml:27:5-35:19
MERGED from [com.google.android.datatransport:transport-backend-cct:3.1.8] AndroidManifest.xml:27:5-35:19
MERGED from [com.google.android.datatransport:transport-runtime:3.1.8] AndroidManifest.xml:25:5-39:19
MERGED from [com.google.android.datatransport:transport-runtime:3.1.8] AndroidManifest.xml:25:5-39:19
MERGED from [androidx.core:core:1.9.0] AndroidManifest.xml:28:5-89
MERGED from [androidx.core:core:1.9.0] AndroidManifest.xml:28:5-89
MERGED from [androidx.versionedparcelable:versionedparcelable:1.1.1] AndroidManifest.xml:24:5-25:19
MERGED from [androidx.versionedparcelable:versionedparcelable:1.1.1] AndroidManifest.xml:24:5-25:19
	android:appComponentFactory
		ADDED from [androidx.core:core:1.9.0] AndroidManifest.xml:28:18-86
	android:name
		INJECTED from src/main/AndroidManifest.xml
manifest
ADDED from src/main/AndroidManifest.xml:1:1-49:12
INJECTED from src/main/AndroidManifest.xml:1:1-49:12
INJECTED from src/main/AndroidManifest.xml:1:1-49:12
INJECTED from src/main/AndroidManifest.xml:1:1-49:12
MERGED from src/main/AndroidManifest.xml:1:1-49:12
MERGED from [:cloud_firestore] AndroidManifest.xml:2:1-17:12
MERGED from [:firebase_auth] AndroidManifest.xml:2:1-17:12
MERGED from [:firebase_storage] AndroidManifest.xml:2:1-17:12
MERGED from [:firebase_messaging] AndroidManifest.xml:2:1-50:12
MERGED from [:firebase_core] AndroidManifest.xml:2:1-17:12
MERGED from [:geolocator_android] AndroidManifest.xml:2:1-19:12
MERGED from [:google_maps_flutter_android] AndroidManifest.xml:2:1-9:12
MERGED from [:image_picker_android] AndroidManifest.xml:2:1-21:12
MERGED from [:flutter_plugin_android_lifecycle] AndroidManifest.xml:2:1-9:12
MERGED from [:sqflite] AndroidManifest.xml:2:1-9:12
MERGED from [:flutter_local_notifications] AndroidManifest.xml:2:1-34:12
MERGED from [:url_launcher_android] AndroidManifest.xml:2:1-16:12
MERGED from [:path_provider_android] AndroidManifest.xml:2:1-9:12
MERGED from [:shared_preferences_android] AndroidManifest.xml:2:1-9:12
MERGED from [:permission_handler_android] AndroidManifest.xml:2:1-9:12
MERGED from [:connectivity] AndroidManifest.xml:2:1-11:12
MERGED from [:barcode_scan2] AndroidManifest.xml:2:1-15:12
MERGED from [com.google.firebase:firebase-auth:21.2.0] AndroidManifest.xml:17:1-75:12
MERGED from [com.google.android.recaptcha:recaptcha:18.0.1] AndroidManifest.xml:2:1-9:12
MERGED from [com.google.android.gms:play-services-maps:18.1.0] AndroidManifest.xml:17:1-44:12
MERGED from [com.google.android.material:material:1.1.0] AndroidManifest.xml:17:1-24:12
MERGED from [androidx.appcompat:appcompat:1.1.0] AndroidManifest.xml:17:1-24:12
MERGED from [com.google.firebase:firebase-firestore:24.4.5] AndroidManifest.xml:2:1-25:12
MERGED from [com.google.firebase:firebase-storage:20.1.0] AndroidManifest.xml:15:1-38:12
MERGED from [com.google.firebase:firebase-iid:21.1.0] AndroidManifest.xml:17:1-38:12
MERGED from [com.google.firebase:firebase-messaging:23.1.2] AndroidManifest.xml:17:1-61:12
MERGED from [com.google.firebase:firebase-appcheck-interop:16.1.1] AndroidManifest.xml:15:1-25:12
MERGED from [com.google.firebase:firebase-auth-interop:20.0.0] AndroidManifest.xml:2:1-10:12
MERGED from [com.google.firebase:firebase-installations:17.1.3] AndroidManifest.xml:2:1-23:12
MERGED from [com.google.firebase:firebase-datatransport:18.1.7] AndroidManifest.xml:15:1-33:12
MERGED from [com.google.firebase:firebase-common:20.3.2] AndroidManifest.xml:15:1-39:12
MERGED from [com.google.android.gms:play-services-location:21.0.1] AndroidManifest.xml:2:1-9:12
MERGED from [com.google.firebase:firebase-database-collection:18.0.1] AndroidManifest.xml:2:1-9:12
MERGED from [com.google.android.gms:play-services-auth-api-phone:17.4.0] AndroidManifest.xml:2:1-7:12
MERGED from [com.google.android.gms:play-services-safetynet:17.0.0] AndroidManifest.xml:17:1-24:12
MERGED from [com.google.android.gms:play-services-base:18.1.0] AndroidManifest.xml:16:1-24:12
MERGED from [com.google.android.play:integrity:1.0.1] AndroidManifest.xml:2:1-7:12
MERGED from [com.google.firebase:firebase-iid-interop:17.1.0] AndroidManifest.xml:2:1-10:12
MERGED from [com.google.firebase:firebase-installations-interop:17.1.0] AndroidManifest.xml:15:1-22:12
MERGED from [com.google.android.gms:play-services-cloud-messaging:17.0.1] AndroidManifest.xml:2:1-13:12
MERGED from [androidx.window:window-java:1.0.0-beta04] AndroidManifest.xml:17:1-23:12
MERGED from [com.google.android.gms:play-services-tasks:18.0.2] AndroidManifest.xml:2:1-6:12
MERGED from [com.google.android.gms:play-services-stats:17.0.2] AndroidManifest.xml:2:1-9:12
MERGED from [com.google.firebase:firebase-measurement-connector:19.0.0] AndroidManifest.xml:17:1-25:12
MERGED from [com.google.android.gms:play-services-basement:18.1.0] AndroidManifest.xml:16:1-26:12
MERGED from [androidx.viewpager2:viewpager2:1.0.0] AndroidManifest.xml:17:1-24:12
MERGED from [me.dm7.barcodescanner:zxing:1.9.8] AndroidManifest.xml:2:1-13:12
MERGED from [me.dm7.barcodescanner:core:1.9.8] AndroidManifest.xml:2:1-13:12
MERGED from [androidx.legacy:legacy-support-v4:1.0.0] AndroidManifest.xml:17:1-22:12
MERGED from [androidx.fragment:fragment:1.1.0] AndroidManifest.xml:17:1-24:12
MERGED from [androidx.activity:activity:1.6.1] AndroidManifest.xml:17:1-22:12
MERGED from [androidx.legacy:legacy-support-core-ui:1.0.0] AndroidManifest.xml:17:1-22:12
MERGED from [androidx.legacy:legacy-support-core-utils:1.0.0] AndroidManifest.xml:17:1-22:12
MERGED from [androidx.loader:loader:1.0.0] AndroidManifest.xml:17:1-22:12
MERGED from [androidx.lifecycle:lifecycle-viewmodel:2.5.1] AndroidManifest.xml:17:1-24:12
MERGED from [androidx.lifecycle:lifecycle-viewmodel-savedstate:2.5.1] AndroidManifest.xml:17:1-24:12
MERGED from [androidx.window:window:1.0.0-beta04] AndroidManifest.xml:17:1-33:12
MERGED from [com.google.android.datatransport:transport-backend-cct:3.1.8] AndroidManifest.xml:15:1-37:12
MERGED from [com.google.android.datatransport:transport-runtime:3.1.8] AndroidManifest.xml:15:1-41:12
MERGED from [com.google.firebase:firebase-encoders-json:18.0.0] AndroidManifest.xml:15:1-23:12
MERGED from [androidx.media:media:1.1.0] AndroidManifest.xml:17:1-24:12
MERGED from [androidx.browser:browser:1.4.0] AndroidManifest.xml:17:1-24:12
MERGED from [androidx.coordinatorlayout:coordinatorlayout:1.1.0] AndroidManifest.xml:17:1-24:12
MERGED from [androidx.transition:transition:1.2.0] AndroidManifest.xml:17:1-24:12
MERGED from [androidx.appcompat:appcompat-resources:1.1.0] AndroidManifest.xml:17:1-24:12
MERGED from [androidx.vectordrawable:vectordrawable-animated:1.1.0] AndroidManifest.xml:17:1-24:12
MERGED from [androidx.vectordrawable:vectordrawable:1.1.0] AndroidManifest.xml:17:1-24:12
MERGED from [androidx.drawerlayout:drawerlayout:1.0.0] AndroidManifest.xml:17:1-22:12
MERGED from [androidx.viewpager:viewpager:1.0.0] AndroidManifest.xml:17:1-22:12
MERGED from [androidx.recyclerview:recyclerview:1.1.0] AndroidManifest.xml:17:1-24:12
MERGED from [androidx.slidingpanelayout:slidingpanelayout:1.0.0] AndroidManifest.xml:17:1-22:12
MERGED from [androidx.customview:customview:1.0.0] AndroidManifest.xml:17:1-22:12
MERGED from [androidx.core:core-ktx:1.9.0] AndroidManifest.xml:2:1-7:12
MERGED from [androidx.swiperefreshlayout:swiperefreshlayout:1.0.0] AndroidManifest.xml:17:1-22:12
MERGED from [androidx.asynclayoutinflater:asynclayoutinflater:1.0.0] AndroidManifest.xml:17:1-22:12
MERGED from [androidx.core:core:1.9.0] AndroidManifest.xml:17:1-30:12
MERGED from [androidx.exifinterface:exifinterface:1.3.6] AndroidManifest.xml:17:1-24:12
MERGED from [androidx.localbroadcastmanager:localbroadcastmanager:1.1.0] AndroidManifest.xml:17:1-24:12
MERGED from [androidx.tracing:tracing:1.0.0] AndroidManifest.xml:17:1-24:12
MERGED from [com.google.firebase:firebase-components:17.1.0] AndroidManifest.xml:15:1-22:12
MERGED from [androidx.versionedparcelable:versionedparcelable:1.1.1] AndroidManifest.xml:17:1-27:12
MERGED from [androidx.cardview:cardview:1.0.0] AndroidManifest.xml:17:1-22:12
MERGED from [androidx.cursoradapter:cursoradapter:1.0.0] AndroidManifest.xml:17:1-22:12
MERGED from [androidx.lifecycle:lifecycle-runtime:2.5.1] AndroidManifest.xml:17:1-24:12
MERGED from [androidx.savedstate:savedstate:1.2.0] AndroidManifest.xml:17:1-24:12
MERGED from [com.google.android.datatransport:transport-api:3.0.0] AndroidManifest.xml:15:1-22:12
MERGED from [androidx.interpolator:interpolator:1.0.0] AndroidManifest.xml:17:1-22:12
MERGED from [androidx.lifecycle:lifecycle-livedata:2.0.0] AndroidManifest.xml:17:1-22:12
MERGED from [androidx.lifecycle:lifecycle-livedata-core:2.5.1] AndroidManifest.xml:17:1-24:12
MERGED from [androidx.arch.core:core-runtime:2.1.0] AndroidManifest.xml:17:1-24:12
MERGED from [androidx.documentfile:documentfile:1.0.0] AndroidManifest.xml:17:1-22:12
MERGED from [androidx.print:print:1.0.0] AndroidManifest.xml:17:1-22:12
MERGED from [io.grpc:grpc-android:1.52.1] AndroidManifest.xml:2:1-11:12
MERGED from [com.google.firebase:protolite-well-known-types:18.0.0] AndroidManifest.xml:2:1-11:12
MERGED from [androidx.annotation:annotation-experimental:1.3.0] AndroidManifest.xml:17:1-22:12
INJECTED from src/debug/AndroidManifest.xml:1:1-8:12
INJECTED from src/debug/AndroidManifest.xml:1:1-8:12
INJECTED from src/debug/AndroidManifest.xml:1:1-8:12
	package
		ADDED from src/main/AndroidManifest.xml:2:5-37
		INJECTED from src/main/AndroidManifest.xml
		INJECTED from src/debug/AndroidManifest.xml
	android:versionName
		INJECTED from src/main/AndroidManifest.xml
		ADDED from src/main/AndroidManifest.xml:1:1-49:12
		INJECTED from src/debug/AndroidManifest.xml
	android:versionCode
		INJECTED from src/main/AndroidManifest.xml
		ADDED from src/main/AndroidManifest.xml:1:1-49:12
		INJECTED from src/debug/AndroidManifest.xml
	xmlns:android
		ADDED from src/main/AndroidManifest.xml:1:11-69
uses-permission#android.permission.ACCESS_FINE_LOCATION
ADDED from src/main/AndroidManifest.xml:3:5-79
	android:name
		ADDED from src/main/AndroidManifest.xml:3:22-76
uses-permission#android.permission.ACCESS_COARSE_LOCATION
ADDED from src/main/AndroidManifest.xml:4:1-77
	android:name
		ADDED from src/main/AndroidManifest.xml:4:18-74
uses-sdk
INJECTED from src/main/AndroidManifest.xml reason: use-sdk injection requested
INJECTED from src/main/AndroidManifest.xml
INJECTED from src/main/AndroidManifest.xml
MERGED from [:cloud_firestore] AndroidManifest.xml:5:5-7:41
MERGED from [:cloud_firestore] AndroidManifest.xml:5:5-7:41
MERGED from [:firebase_auth] AndroidManifest.xml:5:5-7:41
MERGED from [:firebase_auth] AndroidManifest.xml:5:5-7:41
MERGED from [:firebase_storage] AndroidManifest.xml:5:5-7:41
MERGED from [:firebase_storage] AndroidManifest.xml:5:5-7:41
MERGED from [:firebase_messaging] AndroidManifest.xml:5:5-7:41
MERGED from [:firebase_messaging] AndroidManifest.xml:5:5-7:41
MERGED from [:firebase_core] AndroidManifest.xml:5:5-7:41
MERGED from [:firebase_core] AndroidManifest.xml:5:5-7:41
MERGED from [:geolocator_android] AndroidManifest.xml:5:5-7:41
MERGED from [:geolocator_android] AndroidManifest.xml:5:5-7:41
MERGED from [:google_maps_flutter_android] AndroidManifest.xml:5:5-7:41
MERGED from [:google_maps_flutter_android] AndroidManifest.xml:5:5-7:41
MERGED from [:image_picker_android] AndroidManifest.xml:5:5-7:41
MERGED from [:image_picker_android] AndroidManifest.xml:5:5-7:41
MERGED from [:flutter_plugin_android_lifecycle] AndroidManifest.xml:5:5-7:41
MERGED from [:flutter_plugin_android_lifecycle] AndroidManifest.xml:5:5-7:41
MERGED from [:sqflite] AndroidManifest.xml:5:5-7:41
MERGED from [:sqflite] AndroidManifest.xml:5:5-7:41
MERGED from [:flutter_local_notifications] AndroidManifest.xml:5:5-7:41
MERGED from [:flutter_local_notifications] AndroidManifest.xml:5:5-7:41
MERGED from [:url_launcher_android] AndroidManifest.xml:5:5-7:41
MERGED from [:url_launcher_android] AndroidManifest.xml:5:5-7:41
MERGED from [:path_provider_android] AndroidManifest.xml:5:5-7:41
MERGED from [:path_provider_android] AndroidManifest.xml:5:5-7:41
MERGED from [:shared_preferences_android] AndroidManifest.xml:5:5-7:41
MERGED from [:shared_preferences_android] AndroidManifest.xml:5:5-7:41
MERGED from [:permission_handler_android] AndroidManifest.xml:5:5-7:41
MERGED from [:permission_handler_android] AndroidManifest.xml:5:5-7:41
MERGED from [:connectivity] AndroidManifest.xml:5:5-7:41
MERGED from [:connectivity] AndroidManifest.xml:5:5-7:41
MERGED from [:barcode_scan2] AndroidManifest.xml:5:5-7:41
MERGED from [:barcode_scan2] AndroidManifest.xml:5:5-7:41
MERGED from [com.google.firebase:firebase-auth:21.2.0] AndroidManifest.xml:21:5-23:64
MERGED from [com.google.firebase:firebase-auth:21.2.0] AndroidManifest.xml:21:5-23:64
MERGED from [com.google.android.recaptcha:recaptcha:18.0.1] AndroidManifest.xml:5:5-44
MERGED from [com.google.android.recaptcha:recaptcha:18.0.1] AndroidManifest.xml:5:5-44
MERGED from [com.google.android.gms:play-services-maps:18.1.0] AndroidManifest.xml:20:5-44
MERGED from [com.google.android.gms:play-services-maps:18.1.0] AndroidManifest.xml:20:5-44
MERGED from [com.google.android.material:material:1.1.0] AndroidManifest.xml:20:5-44
MERGED from [com.google.android.material:material:1.1.0] AndroidManifest.xml:20:5-44
MERGED from [androidx.appcompat:appcompat:1.1.0] AndroidManifest.xml:20:5-22:41
MERGED from [androidx.appcompat:appcompat:1.1.0] AndroidManifest.xml:20:5-22:41
MERGED from [com.google.firebase:firebase-firestore:24.4.5] AndroidManifest.xml:6:5-8:41
MERGED from [com.google.firebase:firebase-firestore:24.4.5] AndroidManifest.xml:6:5-8:41
MERGED from [com.google.firebase:firebase-storage:20.1.0] AndroidManifest.xml:19:5-21:41
MERGED from [com.google.firebase:firebase-storage:20.1.0] AndroidManifest.xml:19:5-21:41
MERGED from [com.google.firebase:firebase-iid:21.1.0] AndroidManifest.xml:20:5-44
MERGED from [com.google.firebase:firebase-iid:21.1.0] AndroidManifest.xml:20:5-44
MERGED from [com.google.firebase:firebase-messaging:23.1.2] AndroidManifest.xml:20:5-22:41
MERGED from [com.google.firebase:firebase-messaging:23.1.2] AndroidManifest.xml:20:5-22:41
MERGED from [com.google.firebase:firebase-appcheck-interop:16.1.1] AndroidManifest.xml:18:5-20:41
MERGED from [com.google.firebase:firebase-appcheck-interop:16.1.1] AndroidManifest.xml:18:5-20:41
MERGED from [com.google.firebase:firebase-auth-interop:20.0.0] AndroidManifest.xml:5:5-44
MERGED from [com.google.firebase:firebase-auth-interop:20.0.0] AndroidManifest.xml:5:5-44
MERGED from [com.google.firebase:firebase-installations:17.1.3] AndroidManifest.xml:5:5-7:41
MERGED from [com.google.firebase:firebase-installations:17.1.3] AndroidManifest.xml:5:5-7:41
MERGED from [com.google.firebase:firebase-datatransport:18.1.7] AndroidManifest.xml:18:5-20:41
MERGED from [com.google.firebase:firebase-datatransport:18.1.7] AndroidManifest.xml:18:5-20:41
MERGED from [com.google.firebase:firebase-common:20.3.2] AndroidManifest.xml:19:5-21:41
MERGED from [com.google.firebase:firebase-common:20.3.2] AndroidManifest.xml:19:5-21:41
MERGED from [com.google.android.gms:play-services-location:21.0.1] AndroidManifest.xml:5:5-44
MERGED from [com.google.android.gms:play-services-location:21.0.1] AndroidManifest.xml:5:5-44
MERGED from [com.google.firebase:firebase-database-collection:18.0.1] AndroidManifest.xml:5:5-7:41
MERGED from [com.google.firebase:firebase-database-collection:18.0.1] AndroidManifest.xml:5:5-7:41
MERGED from [com.google.android.gms:play-services-auth-api-phone:17.4.0] AndroidManifest.xml:5:5-44
MERGED from [com.google.android.gms:play-services-auth-api-phone:17.4.0] AndroidManifest.xml:5:5-44
MERGED from [com.google.android.gms:play-services-safetynet:17.0.0] AndroidManifest.xml:20:5-44
MERGED from [com.google.android.gms:play-services-safetynet:17.0.0] AndroidManifest.xml:20:5-44
MERGED from [com.google.android.gms:play-services-base:18.1.0] AndroidManifest.xml:18:5-43
MERGED from [com.google.android.gms:play-services-base:18.1.0] AndroidManifest.xml:18:5-43
MERGED from [com.google.android.play:integrity:1.0.1] AndroidManifest.xml:4:5-44
MERGED from [com.google.android.play:integrity:1.0.1] AndroidManifest.xml:4:5-44
MERGED from [com.google.firebase:firebase-iid-interop:17.1.0] AndroidManifest.xml:5:5-44
MERGED from [com.google.firebase:firebase-iid-interop:17.1.0] AndroidManifest.xml:5:5-44
MERGED from [com.google.firebase:firebase-installations-interop:17.1.0] AndroidManifest.xml:18:5-20:41
MERGED from [com.google.firebase:firebase-installations-interop:17.1.0] AndroidManifest.xml:18:5-20:41
MERGED from [com.google.android.gms:play-services-cloud-messaging:17.0.1] AndroidManifest.xml:5:5-44
MERGED from [com.google.android.gms:play-services-cloud-messaging:17.0.1] AndroidManifest.xml:5:5-44
MERGED from [androidx.window:window-java:1.0.0-beta04] AndroidManifest.xml:19:5-21:41
MERGED from [androidx.window:window-java:1.0.0-beta04] AndroidManifest.xml:19:5-21:41
MERGED from [com.google.android.gms:play-services-tasks:18.0.2] AndroidManifest.xml:4:5-43
MERGED from [com.google.android.gms:play-services-tasks:18.0.2] AndroidManifest.xml:4:5-43
MERGED from [com.google.android.gms:play-services-stats:17.0.2] AndroidManifest.xml:5:5-44
MERGED from [com.google.android.gms:play-services-stats:17.0.2] AndroidManifest.xml:5:5-44
MERGED from [com.google.firebase:firebase-measurement-connector:19.0.0] AndroidManifest.xml:20:5-44
MERGED from [com.google.firebase:firebase-measurement-connector:19.0.0] AndroidManifest.xml:20:5-44
MERGED from [com.google.android.gms:play-services-basement:18.1.0] AndroidManifest.xml:18:5-43
MERGED from [com.google.android.gms:play-services-basement:18.1.0] AndroidManifest.xml:18:5-43
MERGED from [androidx.viewpager2:viewpager2:1.0.0] AndroidManifest.xml:20:5-22:41
MERGED from [androidx.viewpager2:viewpager2:1.0.0] AndroidManifest.xml:20:5-22:41
MERGED from [me.dm7.barcodescanner:zxing:1.9.8] AndroidManifest.xml:7:5-9:41
MERGED from [me.dm7.barcodescanner:zxing:1.9.8] AndroidManifest.xml:7:5-9:41
MERGED from [me.dm7.barcodescanner:core:1.9.8] AndroidManifest.xml:7:5-9:41
MERGED from [me.dm7.barcodescanner:core:1.9.8] AndroidManifest.xml:7:5-9:41
MERGED from [androidx.legacy:legacy-support-v4:1.0.0] AndroidManifest.xml:20:5-44
MERGED from [androidx.legacy:legacy-support-v4:1.0.0] AndroidManifest.xml:20:5-44
MERGED from [androidx.fragment:fragment:1.1.0] AndroidManifest.xml:20:5-22:41
MERGED from [androidx.fragment:fragment:1.1.0] AndroidManifest.xml:20:5-22:41
MERGED from [androidx.activity:activity:1.6.1] AndroidManifest.xml:20:5-44
MERGED from [androidx.activity:activity:1.6.1] AndroidManifest.xml:20:5-44
MERGED from [androidx.legacy:legacy-support-core-ui:1.0.0] AndroidManifest.xml:20:5-44
MERGED from [androidx.legacy:legacy-support-core-ui:1.0.0] AndroidManifest.xml:20:5-44
MERGED from [androidx.legacy:legacy-support-core-utils:1.0.0] AndroidManifest.xml:20:5-44
MERGED from [androidx.legacy:legacy-support-core-utils:1.0.0] AndroidManifest.xml:20:5-44
MERGED from [androidx.loader:loader:1.0.0] AndroidManifest.xml:20:5-44
MERGED from [androidx.loader:loader:1.0.0] AndroidManifest.xml:20:5-44
MERGED from [androidx.lifecycle:lifecycle-viewmodel:2.5.1] AndroidManifest.xml:20:5-22:41
MERGED from [androidx.lifecycle:lifecycle-viewmodel:2.5.1] AndroidManifest.xml:20:5-22:41
MERGED from [androidx.lifecycle:lifecycle-viewmodel-savedstate:2.5.1] AndroidManifest.xml:20:5-22:41
MERGED from [androidx.lifecycle:lifecycle-viewmodel-savedstate:2.5.1] AndroidManifest.xml:20:5-22:41
MERGED from [androidx.window:window:1.0.0-beta04] AndroidManifest.xml:20:5-22:41
MERGED from [androidx.window:window:1.0.0-beta04] AndroidManifest.xml:20:5-22:41
MERGED from [com.google.android.datatransport:transport-backend-cct:3.1.8] AndroidManifest.xml:18:5-20:41
MERGED from [com.google.android.datatransport:transport-backend-cct:3.1.8] AndroidManifest.xml:18:5-20:41
MERGED from [com.google.android.datatransport:transport-runtime:3.1.8] AndroidManifest.xml:18:5-20:41
MERGED from [com.google.android.datatransport:transport-runtime:3.1.8] AndroidManifest.xml:18:5-20:41
MERGED from [com.google.firebase:firebase-encoders-json:18.0.0] AndroidManifest.xml:19:5-21:41
MERGED from [com.google.firebase:firebase-encoders-json:18.0.0] AndroidManifest.xml:19:5-21:41
MERGED from [androidx.media:media:1.1.0] AndroidManifest.xml:20:5-22:41
MERGED from [androidx.media:media:1.1.0] AndroidManifest.xml:20:5-22:41
MERGED from [androidx.browser:browser:1.4.0] AndroidManifest.xml:20:5-22:41
MERGED from [androidx.browser:browser:1.4.0] AndroidManifest.xml:20:5-22:41
MERGED from [androidx.coordinatorlayout:coordinatorlayout:1.1.0] AndroidManifest.xml:20:5-22:41
MERGED from [androidx.coordinatorlayout:coordinatorlayout:1.1.0] AndroidManifest.xml:20:5-22:41
MERGED from [androidx.transition:transition:1.2.0] AndroidManifest.xml:20:5-22:41
MERGED from [androidx.transition:transition:1.2.0] AndroidManifest.xml:20:5-22:41
MERGED from [androidx.appcompat:appcompat-resources:1.1.0] AndroidManifest.xml:20:5-22:41
MERGED from [androidx.appcompat:appcompat-resources:1.1.0] AndroidManifest.xml:20:5-22:41
MERGED from [androidx.vectordrawable:vectordrawable-animated:1.1.0] AndroidManifest.xml:20:5-22:41
MERGED from [androidx.vectordrawable:vectordrawable-animated:1.1.0] AndroidManifest.xml:20:5-22:41
MERGED from [androidx.vectordrawable:vectordrawable:1.1.0] AndroidManifest.xml:20:5-22:41
MERGED from [androidx.vectordrawable:vectordrawable:1.1.0] AndroidManifest.xml:20:5-22:41
MERGED from [androidx.drawerlayout:drawerlayout:1.0.0] AndroidManifest.xml:20:5-44
MERGED from [androidx.drawerlayout:drawerlayout:1.0.0] AndroidManifest.xml:20:5-44
MERGED from [androidx.viewpager:viewpager:1.0.0] AndroidManifest.xml:20:5-44
MERGED from [androidx.viewpager:viewpager:1.0.0] AndroidManifest.xml:20:5-44
MERGED from [androidx.recyclerview:recyclerview:1.1.0] AndroidManifest.xml:20:5-22:41
MERGED from [androidx.recyclerview:recyclerview:1.1.0] AndroidManifest.xml:20:5-22:41
MERGED from [androidx.slidingpanelayout:slidingpanelayout:1.0.0] AndroidManifest.xml:20:5-44
MERGED from [androidx.slidingpanelayout:slidingpanelayout:1.0.0] AndroidManifest.xml:20:5-44
MERGED from [androidx.customview:customview:1.0.0] AndroidManifest.xml:20:5-44
MERGED from [androidx.customview:customview:1.0.0] AndroidManifest.xml:20:5-44
MERGED from [androidx.core:core-ktx:1.9.0] AndroidManifest.xml:5:5-44
MERGED from [androidx.core:core-ktx:1.9.0] AndroidManifest.xml:5:5-44
MERGED from [androidx.swiperefreshlayout:swiperefreshlayout:1.0.0] AndroidManifest.xml:20:5-44
MERGED from [androidx.swiperefreshlayout:swiperefreshlayout:1.0.0] AndroidManifest.xml:20:5-44
MERGED from [androidx.asynclayoutinflater:asynclayoutinflater:1.0.0] AndroidManifest.xml:20:5-44
MERGED from [androidx.asynclayoutinflater:asynclayoutinflater:1.0.0] AndroidManifest.xml:20:5-44
MERGED from [androidx.core:core:1.9.0] AndroidManifest.xml:20:5-44
MERGED from [androidx.core:core:1.9.0] AndroidManifest.xml:20:5-44
MERGED from [androidx.exifinterface:exifinterface:1.3.6] AndroidManifest.xml:20:5-22:41
MERGED from [androidx.exifinterface:exifinterface:1.3.6] AndroidManifest.xml:20:5-22:41
MERGED from [androidx.localbroadcastmanager:localbroadcastmanager:1.1.0] AndroidManifest.xml:20:5-22:41
MERGED from [androidx.localbroadcastmanager:localbroadcastmanager:1.1.0] AndroidManifest.xml:20:5-22:41
MERGED from [androidx.tracing:tracing:1.0.0] AndroidManifest.xml:20:5-22:41
MERGED from [androidx.tracing:tracing:1.0.0] AndroidManifest.xml:20:5-22:41
MERGED from [com.google.firebase:firebase-components:17.1.0] AndroidManifest.xml:18:5-20:41
MERGED from [com.google.firebase:firebase-components:17.1.0] AndroidManifest.xml:18:5-20:41
MERGED from [androidx.versionedparcelable:versionedparcelable:1.1.1] AndroidManifest.xml:20:5-22:41
MERGED from [androidx.versionedparcelable:versionedparcelable:1.1.1] AndroidManifest.xml:20:5-22:41
MERGED from [androidx.cardview:cardview:1.0.0] AndroidManifest.xml:20:5-44
MERGED from [androidx.cardview:cardview:1.0.0] AndroidManifest.xml:20:5-44